
*** Running vivado
    with args -log uart_top.vds -m64 -product Vivado -mode batch -messageDb vivado.pb -notrace -source uart_top.tcl



****** Vivado v2021.2 (64-bit)
  **** SW Build 3367213 on Tue Oct 19 02:48:09 MDT 2021
  **** IP Build 3369179 on Thu Oct 21 08:25:16 MDT 2021
    ** Copyright 1986-2021 Xilinx, Inc. All Rights Reserved.

Sourcing tcl script 'C:/Xilinx/Vivado/2021.2/scripts/Vivado_init.tcl'
source uart_top.tcl -notrace
Command: read_checkpoint -auto_incremental -incremental D:/ELSE/FPGA/UART_echo/UART_echo.srcs/utils_1/imports/synth_1/shift_reg.dcp
INFO: [Vivado 12-5825] Read reference checkpoint from D:/ELSE/FPGA/UART_echo/UART_echo.srcs/utils_1/imports/synth_1/shift_reg.dcp for incremental synthesis
INFO: [Vivado 12-7989] Please ensure there are no constraint changes
Command: synth_design -top uart_top -part xc7a35ticsg324-1L
Starting synth_design
Attempting to get a license for feature 'Synthesis' and/or device 'xc7a35ti'
INFO: [Common 17-349] Got license for feature 'Synthesis' and/or device 'xc7a35ti'
INFO: [Device 21-403] Loading part xc7a35ticsg324-1L
WARNING: [Designutils 20-4072] Reference run did not run incremental synthesis because the design is too small; reverting to default synthesis
INFO: [Designutils 20-4379] Flow is switching to default flow due to incremental criteria not met. If you would like to alter this behaviour and have the flow terminate instead, please set the following parameter config_implementation {autoIncr.Synth.RejectBehavior Terminate}
INFO: [Synth 8-7079] Multithreading enabled for synth_design using a maximum of 4 processes.
INFO: [Synth 8-7078] Launching helper process for spawning children vivado processes
INFO: [Synth 8-7075] Helper process launched with PID 15036
WARNING: [Synth 8-6901] identifier 'idle' is used before its declaration [D:/ELSE/FPGA/UART_echo/UART_echo.srcs/sources_1/new/uart_tx.v:31]
WARNING: [Synth 8-6901] identifier 'idle' is used before its declaration [D:/ELSE/FPGA/UART_echo/UART_echo.srcs/sources_1/new/uart_tx.v:31]
---------------------------------------------------------------------------------
Starting RTL Elaboration : Time (s): cpu = 00:00:03 ; elapsed = 00:00:04 . Memory (MB): peak = 1567.141 ; gain = 0.000
---------------------------------------------------------------------------------
INFO: [Synth 8-6157] synthesizing module 'uart_top' [D:/ELSE/FPGA/UART_echo/UART_echo.srcs/sources_1/new/uart_top.v:20]
INFO: [Synth 8-6157] synthesizing module 'uart_rx' [D:/ELSE/FPGA/UART_echo/UART_echo.srcs/sources_1/new/uart_rx.v:22]
	Parameter baudrate bound to: 115200 - type: integer 
	Parameter clk_frequence bound to: 100000000 - type: integer 
INFO: [Synth 8-155] case statement is not full and has no default [D:/ELSE/FPGA/UART_echo/UART_echo.srcs/sources_1/new/uart_rx.v:75]
INFO: [Synth 8-155] case statement is not full and has no default [D:/ELSE/FPGA/UART_echo/UART_echo.srcs/sources_1/new/uart_rx.v:114]
WARNING: [Synth 8-3848] Net test in module/entity uart_rx does not have driver. [D:/ELSE/FPGA/UART_echo/UART_echo.srcs/sources_1/new/uart_rx.v:28]
WARNING: [Synth 8-3848] Net test1 in module/entity uart_rx does not have driver. [D:/ELSE/FPGA/UART_echo/UART_echo.srcs/sources_1/new/uart_rx.v:29]
INFO: [Synth 8-6155] done synthesizing module 'uart_rx' (1#1) [D:/ELSE/FPGA/UART_echo/UART_echo.srcs/sources_1/new/uart_rx.v:22]
WARNING: [Synth 8-7071] port 'test' of module 'uart_rx' is unconnected for instance 'uart_rx' [D:/ELSE/FPGA/UART_echo/UART_echo.srcs/sources_1/new/uart_top.v:41]
WARNING: [Synth 8-7071] port 'test1' of module 'uart_rx' is unconnected for instance 'uart_rx' [D:/ELSE/FPGA/UART_echo/UART_echo.srcs/sources_1/new/uart_top.v:41]
WARNING: [Synth 8-7023] instance 'uart_rx' of module 'uart_rx' has 7 connections declared, but only 5 given [D:/ELSE/FPGA/UART_echo/UART_echo.srcs/sources_1/new/uart_top.v:41]
INFO: [Synth 8-6157] synthesizing module 'uart_tx' [D:/ELSE/FPGA/UART_echo/UART_echo.srcs/sources_1/new/uart_tx.v:20]
	Parameter baudrate bound to: 115200 - type: integer 
	Parameter clk_frequence bound to: 100000000 - type: integer 
INFO: [Synth 8-155] case statement is not full and has no default [D:/ELSE/FPGA/UART_echo/UART_echo.srcs/sources_1/new/uart_tx.v:68]
INFO: [Synth 8-6155] done synthesizing module 'uart_tx' (2#1) [D:/ELSE/FPGA/UART_echo/UART_echo.srcs/sources_1/new/uart_tx.v:20]
WARNING: [Synth 8-7071] port 'done' of module 'uart_tx' is unconnected for instance 'uart_tx' [D:/ELSE/FPGA/UART_echo/UART_echo.srcs/sources_1/new/uart_top.v:50]
WARNING: [Synth 8-7023] instance 'uart_tx' of module 'uart_tx' has 6 connections declared, but only 5 given [D:/ELSE/FPGA/UART_echo/UART_echo.srcs/sources_1/new/uart_top.v:50]
INFO: [Synth 8-6155] done synthesizing module 'uart_top' (3#1) [D:/ELSE/FPGA/UART_echo/UART_echo.srcs/sources_1/new/uart_top.v:20]
WARNING: [Synth 8-7129] Port test in module uart_rx is either unconnected or has no load
WARNING: [Synth 8-7129] Port test1 in module uart_rx is either unconnected or has no load
---------------------------------------------------------------------------------
Finished RTL Elaboration : Time (s): cpu = 00:00:04 ; elapsed = 00:00:05 . Memory (MB): peak = 1567.141 ; gain = 0.000
---------------------------------------------------------------------------------
---------------------------------------------------------------------------------
Start Handling Custom Attributes
---------------------------------------------------------------------------------
---------------------------------------------------------------------------------
Finished Handling Custom Attributes : Time (s): cpu = 00:00:04 ; elapsed = 00:00:05 . Memory (MB): peak = 1567.141 ; gain = 0.000
---------------------------------------------------------------------------------
---------------------------------------------------------------------------------
Finished RTL Optimization Phase 1 : Time (s): cpu = 00:00:04 ; elapsed = 00:00:05 . Memory (MB): peak = 1567.141 ; gain = 0.000
---------------------------------------------------------------------------------
Netlist sorting complete. Time (s): cpu = 00:00:00 ; elapsed = 00:00:00.002 . Memory (MB): peak = 1567.141 ; gain = 0.000
INFO: [Project 1-570] Preparing netlist for logic optimization

Processing XDC Constraints
Initializing timing engine
Parsing XDC File [D:/ELSE/FPGA/UART_echo/UART_echo.srcs/constrs_1/imports/digilent-xdc-master/Arty-A7-35-Master.xdc]
WARNING: [Vivado 12-584] No ports matched 'led[0]'. [D:/ELSE/FPGA/UART_echo/UART_echo.srcs/constrs_1/imports/digilent-xdc-master/Arty-A7-35-Master.xdc:31]
CRITICAL WARNING: [Common 17-55] 'set_property' expects at least one object. [D:/ELSE/FPGA/UART_echo/UART_echo.srcs/constrs_1/imports/digilent-xdc-master/Arty-A7-35-Master.xdc:31]
Resolution: If [get_<value>] was used to populate the object, check to make sure this command returns at least one valid object.
WARNING: [Vivado 12-584] No ports matched 'led[1]'. [D:/ELSE/FPGA/UART_echo/UART_echo.srcs/constrs_1/imports/digilent-xdc-master/Arty-A7-35-Master.xdc:32]
CRITICAL WARNING: [Common 17-55] 'set_property' expects at least one object. [D:/ELSE/FPGA/UART_echo/UART_echo.srcs/constrs_1/imports/digilent-xdc-master/Arty-A7-35-Master.xdc:32]
Resolution: If [get_<value>] was used to populate the object, check to make sure this command returns at least one valid object.
WARNING: [Vivado 12-584] No ports matched 'led[2]'. [D:/ELSE/FPGA/UART_echo/UART_echo.srcs/constrs_1/imports/digilent-xdc-master/Arty-A7-35-Master.xdc:33]
CRITICAL WARNING: [Common 17-55] 'set_property' expects at least one object. [D:/ELSE/FPGA/UART_echo/UART_echo.srcs/constrs_1/imports/digilent-xdc-master/Arty-A7-35-Master.xdc:33]
Resolution: If [get_<value>] was used to populate the object, check to make sure this command returns at least one valid object.
WARNING: [Vivado 12-584] No ports matched 'led[3]'. [D:/ELSE/FPGA/UART_echo/UART_echo.srcs/constrs_1/imports/digilent-xdc-master/Arty-A7-35-Master.xdc:34]
CRITICAL WARNING: [Common 17-55] 'set_property' expects at least one object. [D:/ELSE/FPGA/UART_echo/UART_echo.srcs/constrs_1/imports/digilent-xdc-master/Arty-A7-35-Master.xdc:34]
Resolution: If [get_<value>] was used to populate the object, check to make sure this command returns at least one valid object.
Finished Parsing XDC File [D:/ELSE/FPGA/UART_echo/UART_echo.srcs/constrs_1/imports/digilent-xdc-master/Arty-A7-35-Master.xdc]
INFO: [Project 1-236] Implementation specific constraints were found while reading constraint file [D:/ELSE/FPGA/UART_echo/UART_echo.srcs/constrs_1/imports/digilent-xdc-master/Arty-A7-35-Master.xdc]. These constraints will be ignored for synthesis but will be used in implementation. Impacted constraints are listed in the file [.Xil/uart_top_propImpl.xdc].
Resolution: To avoid this warning, move constraints listed in [.Xil/uart_top_propImpl.xdc] to another XDC file and exclude this new file from synthesis with the used_in_synthesis property (File Properties dialog in GUI) and re-run elaboration/synthesis.
Completed Processing XDC Constraints

Netlist sorting complete. Time (s): cpu = 00:00:00 ; elapsed = 00:00:00 . Memory (MB): peak = 1604.203 ; gain = 0.000
INFO: [Project 1-111] Unisim Transformation Summary:
No Unisim elements were transformed.

Constraint Validation Runtime : Time (s): cpu = 00:00:00 ; elapsed = 00:00:00.002 . Memory (MB): peak = 1604.203 ; gain = 0.000
WARNING: [Designutils 20-4072] Reference run did not run incremental synthesis because the design is too small; reverting to default synthesis
INFO: [Designutils 20-4379] Flow is switching to default flow due to incremental criteria not met. If you would like to alter this behaviour and have the flow terminate instead, please set the following parameter config_implementation {autoIncr.Synth.RejectBehavior Terminate}
---------------------------------------------------------------------------------
Finished Constraint Validation : Time (s): cpu = 00:00:08 ; elapsed = 00:00:10 . Memory (MB): peak = 1604.203 ; gain = 37.062
---------------------------------------------------------------------------------
---------------------------------------------------------------------------------
Start Loading Part and Timing Information
---------------------------------------------------------------------------------
Loading part: xc7a35ticsg324-1L
---------------------------------------------------------------------------------
Finished Loading Part and Timing Information : Time (s): cpu = 00:00:08 ; elapsed = 00:00:10 . Memory (MB): peak = 1604.203 ; gain = 37.062
---------------------------------------------------------------------------------
---------------------------------------------------------------------------------
Start Applying 'set_property' XDC Constraints
---------------------------------------------------------------------------------
---------------------------------------------------------------------------------
Finished applying 'set_property' XDC Constraints : Time (s): cpu = 00:00:08 ; elapsed = 00:00:10 . Memory (MB): peak = 1604.203 ; gain = 37.062
---------------------------------------------------------------------------------
INFO: [Synth 8-802] inferred FSM for state register 'state_reg' in module 'uart_rx'
INFO: [Synth 8-802] inferred FSM for state register 'state_reg' in module 'uart_tx'
---------------------------------------------------------------------------------------------------
                   State |                     New Encoding |                Previous Encoding 
---------------------------------------------------------------------------------------------------
*
                    idle |                               01 |                               01
                transmit |                               10 |                               10
---------------------------------------------------------------------------------------------------
INFO: [Synth 8-3898] No Re-encoding of one hot register 'state_reg' in module 'uart_rx'
WARNING: [Synth 8-327] inferring latch for variable 'next_reg' [D:/ELSE/FPGA/UART_echo/UART_echo.srcs/sources_1/new/uart_rx.v:76]
---------------------------------------------------------------------------------------------------
                   State |                     New Encoding |                Previous Encoding 
---------------------------------------------------------------------------------------------------
*
                    idle |                               01 |                               01
                transmit |                               10 |                               10
---------------------------------------------------------------------------------------------------
INFO: [Synth 8-3898] No Re-encoding of one hot register 'state_reg' in module 'uart_tx'
WARNING: [Synth 8-327] inferring latch for variable 'next_reg' [D:/ELSE/FPGA/UART_echo/UART_echo.srcs/sources_1/new/uart_tx.v:69]
---------------------------------------------------------------------------------
Finished RTL Optimization Phase 2 : Time (s): cpu = 00:00:09 ; elapsed = 00:00:11 . Memory (MB): peak = 1604.203 ; gain = 37.062
---------------------------------------------------------------------------------
---------------------------------------------------------------------------------
Start RTL Component Statistics 
---------------------------------------------------------------------------------
Detailed RTL Component Info : 
+---Adders : 
	   2 Input   32 Bit       Adders := 2     
	   2 Input    4 Bit       Adders := 2     
+---Registers : 
	               32 Bit    Registers := 2     
	               10 Bit    Registers := 1     
	                9 Bit    Registers := 1     
	                4 Bit    Registers := 3     
	                1 Bit    Registers := 3     
+---Muxes : 
	   2 Input   32 Bit        Muxes := 4     
	   2 Input   10 Bit        Muxes := 1     
	   3 Input    9 Bit        Muxes := 1     
	   2 Input    4 Bit        Muxes := 2     
	   3 Input    2 Bit        Muxes := 2     
	   2 Input    2 Bit        Muxes := 4     
	   2 Input    1 Bit        Muxes := 12    
	   3 Input    1 Bit        Muxes := 5     
---------------------------------------------------------------------------------
Finished RTL Component Statistics 
---------------------------------------------------------------------------------
---------------------------------------------------------------------------------
Start Part Resource Summary
---------------------------------------------------------------------------------
Part Resources:
DSPs: 90 (col length:60)
BRAMs: 100 (col length: RAMB18 60 RAMB36 30)
---------------------------------------------------------------------------------
Finished Part Resource Summary
---------------------------------------------------------------------------------
---------------------------------------------------------------------------------
Start Cross Boundary and Area Optimization
---------------------------------------------------------------------------------
WARNING: [Synth 8-7080] Parallel synthesis criteria is not met
---------------------------------------------------------------------------------
Finished Cross Boundary and Area Optimization : Time (s): cpu = 00:00:11 ; elapsed = 00:00:13 . Memory (MB): peak = 1604.203 ; gain = 37.062
---------------------------------------------------------------------------------
---------------------------------------------------------------------------------
Start Applying XDC Timing Constraints
---------------------------------------------------------------------------------
---------------------------------------------------------------------------------
Finished Applying XDC Timing Constraints : Time (s): cpu = 00:00:14 ; elapsed = 00:00:17 . Memory (MB): peak = 1604.203 ; gain = 37.062
---------------------------------------------------------------------------------
---------------------------------------------------------------------------------
Start Timing Optimization
---------------------------------------------------------------------------------
---------------------------------------------------------------------------------
Finished Timing Optimization : Time (s): cpu = 00:00:15 ; elapsed = 00:00:18 . Memory (MB): peak = 1604.203 ; gain = 37.062
---------------------------------------------------------------------------------
---------------------------------------------------------------------------------
Start Technology Mapping
---------------------------------------------------------------------------------
---------------------------------------------------------------------------------
Finished Technology Mapping : Time (s): cpu = 00:00:15 ; elapsed = 00:00:18 . Memory (MB): peak = 1604.203 ; gain = 37.062
---------------------------------------------------------------------------------
---------------------------------------------------------------------------------
Start IO Insertion
---------------------------------------------------------------------------------
---------------------------------------------------------------------------------
Start Flattening Before IO Insertion
---------------------------------------------------------------------------------
---------------------------------------------------------------------------------
Finished Flattening Before IO Insertion
---------------------------------------------------------------------------------
---------------------------------------------------------------------------------
Start Final Netlist Cleanup
---------------------------------------------------------------------------------
---------------------------------------------------------------------------------
Finished Final Netlist Cleanup
---------------------------------------------------------------------------------
---------------------------------------------------------------------------------
Finished IO Insertion : Time (s): cpu = 00:00:18 ; elapsed = 00:00:21 . Memory (MB): peak = 1604.203 ; gain = 37.062
---------------------------------------------------------------------------------
---------------------------------------------------------------------------------
Start Renaming Generated Instances
---------------------------------------------------------------------------------
---------------------------------------------------------------------------------
Finished Renaming Generated Instances : Time (s): cpu = 00:00:18 ; elapsed = 00:00:21 . Memory (MB): peak = 1604.203 ; gain = 37.062
---------------------------------------------------------------------------------
---------------------------------------------------------------------------------
Start Rebuilding User Hierarchy
---------------------------------------------------------------------------------
---------------------------------------------------------------------------------
Finished Rebuilding User Hierarchy : Time (s): cpu = 00:00:18 ; elapsed = 00:00:21 . Memory (MB): peak = 1604.203 ; gain = 37.062
---------------------------------------------------------------------------------
---------------------------------------------------------------------------------
Start Renaming Generated Ports
---------------------------------------------------------------------------------
---------------------------------------------------------------------------------
Finished Renaming Generated Ports : Time (s): cpu = 00:00:18 ; elapsed = 00:00:21 . Memory (MB): peak = 1604.203 ; gain = 37.062
---------------------------------------------------------------------------------
---------------------------------------------------------------------------------
Start Handling Custom Attributes
---------------------------------------------------------------------------------
---------------------------------------------------------------------------------
Finished Handling Custom Attributes : Time (s): cpu = 00:00:18 ; elapsed = 00:00:21 . Memory (MB): peak = 1604.203 ; gain = 37.062
---------------------------------------------------------------------------------
---------------------------------------------------------------------------------
Start Renaming Generated Nets
---------------------------------------------------------------------------------
---------------------------------------------------------------------------------
Finished Renaming Generated Nets : Time (s): cpu = 00:00:18 ; elapsed = 00:00:21 . Memory (MB): peak = 1604.203 ; gain = 37.062
---------------------------------------------------------------------------------
---------------------------------------------------------------------------------
Start Writing Synthesis Report
---------------------------------------------------------------------------------

Report BlackBoxes: 
+-+--------------+----------+
| |BlackBox name |Instances |
+-+--------------+----------+
+-+--------------+----------+

Report Cell Usage: 
+------+-------+------+
|      |Cell   |Count |
+------+-------+------+
|1     |BUFG   |     1|
|2     |CARRY4 |    16|
|3     |LUT2   |    15|
|4     |LUT3   |     6|
|5     |LUT4   |    17|
|6     |LUT5   |     8|
|7     |LUT6   |    79|
|8     |FDCE   |    98|
|9     |FDPE   |     3|
|10    |LD     |     4|
|11    |IBUF   |     3|
|12    |OBUF   |     5|
+------+-------+------+
---------------------------------------------------------------------------------
Finished Writing Synthesis Report : Time (s): cpu = 00:00:18 ; elapsed = 00:00:21 . Memory (MB): peak = 1604.203 ; gain = 37.062
---------------------------------------------------------------------------------
Synthesis finished with 0 errors, 0 critical warnings and 3 warnings.
Synthesis Optimization Runtime : Time (s): cpu = 00:00:13 ; elapsed = 00:00:20 . Memory (MB): peak = 1604.203 ; gain = 0.000
Synthesis Optimization Complete : Time (s): cpu = 00:00:18 ; elapsed = 00:00:21 . Memory (MB): peak = 1604.203 ; gain = 37.062
INFO: [Project 1-571] Translating synthesized netlist
Netlist sorting complete. Time (s): cpu = 00:00:00 ; elapsed = 00:00:00.002 . Memory (MB): peak = 1612.312 ; gain = 0.000
INFO: [Netlist 29-17] Analyzing 20 Unisim elements for replacement
INFO: [Netlist 29-28] Unisim Transformation completed in 0 CPU seconds
INFO: [Project 1-570] Preparing netlist for logic optimization
INFO: [Opt 31-138] Pushed 0 inverter(s) to 0 load pin(s).
Netlist sorting complete. Time (s): cpu = 00:00:00 ; elapsed = 00:00:00.001 . Memory (MB): peak = 1618.477 ; gain = 0.000
INFO: [Project 1-111] Unisim Transformation Summary:
  A total of 4 instances were transformed.
  LD => LDCE: 4 instances

Synth Design complete, checksum: a91c0cb6
INFO: [Common 17-83] Releasing license: Synthesis
32 Infos, 20 Warnings, 4 Critical Warnings and 0 Errors encountered.
synth_design completed successfully
synth_design: Time (s): cpu = 00:00:21 ; elapsed = 00:00:25 . Memory (MB): peak = 1618.477 ; gain = 51.336
INFO: [Common 17-600] The following parameters have non-default value.
general.maxThreads
INFO: [runtcl-6] Synthesis results are not added to the cache due to CRITICAL_WARNING
INFO: [Common 17-1381] The checkpoint 'D:/ELSE/FPGA/UART_echo/UART_echo.runs/synth_1/uart_top.dcp' has been generated.
INFO: [runtcl-4] Executing : report_utilization -file uart_top_utilization_synth.rpt -pb uart_top_utilization_synth.pb
INFO: [Common 17-206] Exiting Vivado at Thu Apr 20 00:58:42 2023...
